This is pdfTeX, Version 3.141592653-2.6-1.40.25 (MiKTeX 24.1) (preloaded format=pdflatex 2025.12.1)  9 JAN 2026 14:51
entering extended mode
 restricted \write18 enabled.
 %&-line parsing enabled.
**C:/Users/jakob/Documents/FAU/AuslandsSemester/TDLOG/projet/TDLOG-PFE/djangotu
torial/pdf_creation/rapport.tex

(C:/Users/jakob/Documents/FAU/AuslandsSemester/TDLOG/projet/TDLOG-PFE/djangotut
orial/pdf_creation/rapport.tex
LaTeX2e <2023-11-01> patch level 1
L3 programming layer <2024-02-20>
(C:\Users\jakob\AppData\Local\Programs\MiKTeX\tex/latex/base\article.cls
Document Class: article 2023/05/17 v1.4n Standard LaTeX document class
(C:\Users\jakob\AppData\Local\Programs\MiKTeX\tex/latex/base\size12.clo
File: size12.clo 2023/05/17 v1.4n Standard LaTeX file (size option)
)
\c@part=\count188
\c@section=\count189
\c@subsection=\count190
\c@subsubsection=\count191
\c@paragraph=\count192
\c@subparagraph=\count193
\c@figure=\count194
\c@table=\count195
\abovecaptionskip=\skip48
\belowcaptionskip=\skip49
\bibindent=\dimen140
)
(C:\Users\jakob\AppData\Local\Programs\MiKTeX\tex/latex/amsfonts\amssymb.sty
Package: amssymb 2013/01/14 v3.01 AMS font symbols

(C:\Users\jakob\AppData\Local\Programs\MiKTeX\tex/latex/amsfonts\amsfonts.sty
Package: amsfonts 2013/01/14 v3.01 Basic AMSFonts support
\@emptytoks=\toks17
\symAMSa=\mathgroup4
\symAMSb=\mathgroup5
LaTeX Font Info:    Redeclaring math symbol \hbar on input line 98.
LaTeX Font Info:    Overwriting math alphabet `\mathfrak' in version `bold'
(Font)                  U/euf/m/n --> U/euf/b/n on input line 106.
)) (C:\Users\jakob\AppData\Local\Programs\MiKTeX\tex/latex/graphics\graphicx.st
y
Package: graphicx 2021/09/16 v1.2d Enhanced LaTeX Graphics (DPC,SPQR)

(C:\Users\jakob\AppData\Local\Programs\MiKTeX\tex/latex/graphics\keyval.sty
Package: keyval 2022/05/29 v1.15 key=value parser (DPC)
\KV@toks@=\toks18
)
(C:\Users\jakob\AppData\Local\Programs\MiKTeX\tex/latex/graphics\graphics.sty
Package: graphics 2022/03/10 v1.4e Standard LaTeX Graphics (DPC,SPQR)

(C:\Users\jakob\AppData\Local\Programs\MiKTeX\tex/latex/graphics\trig.sty
Package: trig 2021/08/11 v1.11 sin cos tan (DPC)
)
(C:\Users\jakob\AppData\Local\Programs\MiKTeX\tex/latex/graphics-cfg\graphics.c
fg
File: graphics.cfg 2016/06/04 v1.11 sample graphics configuration
)
Package graphics Info: Driver file: pdftex.def on input line 107.

(C:\Users\jakob\AppData\Local\Programs\MiKTeX\tex/latex/graphics-def\pdftex.def
File: pdftex.def 2022/09/22 v1.2b Graphics/color driver for pdftex
))
\Gin@req@height=\dimen141
\Gin@req@width=\dimen142
)
(C:\Users\jakob\AppData\Local\Programs\MiKTeX\tex/latex/geometry\geometry.sty
Package: geometry 2020/01/02 v5.9 Page Geometry

(C:\Users\jakob\AppData\Local\Programs\MiKTeX\tex/generic/iftex\ifvtex.sty
Package: ifvtex 2019/10/25 v1.7 ifvtex legacy package. Use iftex instead.

(C:\Users\jakob\AppData\Local\Programs\MiKTeX\tex/generic/iftex\iftex.sty
Package: iftex 2022/02/03 v1.0f TeX engine tests
))
\Gm@cnth=\count196
\Gm@cntv=\count197
\c@Gm@tempcnt=\count198
\Gm@bindingoffset=\dimen143
\Gm@wd@mp=\dimen144
\Gm@odd@mp=\dimen145
\Gm@even@mp=\dimen146
\Gm@layoutwidth=\dimen147
\Gm@layoutheight=\dimen148
\Gm@layouthoffset=\dimen149
\Gm@layoutvoffset=\dimen150
\Gm@dimlist=\toks19

(C:\Users\jakob\AppData\Local\Programs\MiKTeX\tex/latex/geometry\geometry.cfg))
(C:\Users\jakob\AppData\Local\Programs\MiKTeX\tex/latex/titlesec\titlesec.sty
Package: titlesec 2025/01/04 v2.17 Sectioning titles
\ttl@box=\box51
\beforetitleunit=\skip50
\aftertitleunit=\skip51
\ttl@plus=\dimen151
\ttl@minus=\dimen152
\ttl@toksa=\toks20
\titlewidth=\dimen153
\titlewidthlast=\dimen154
\titlewidthfirst=\dimen155
)
(C:\Users\jakob\AppData\Local\Programs\MiKTeX\tex/latex/titlesec\titleps.sty
Package: titleps 2025/01/04 v2.17 Page styles
)
(C:\Users\jakob\AppData\Local\Programs\MiKTeX\tex/latex/base\inputenc.sty
Package: inputenc 2021/02/14 v1.3d Input encoding file
\inpenc@prehook=\toks21
\inpenc@posthook=\toks22
)
(C:\Users\jakob\AppData\Local\Programs\MiKTeX\tex/latex/base\fontenc.sty
Package: fontenc 2021/04/29 v2.0v Standard LaTeX package
)
(C:\Users\jakob\AppData\Local\Programs\MiKTeX\tex/generic/babel\babel.sty
Package: babel 2024/02/07 v24.2 The Babel package
\babel@savecnt=\count199
\U@D=\dimen156
\l@unhyphenated=\language79

(C:\Users\jakob\AppData\Local\Programs\MiKTeX\tex/generic/babel\txtbabel.def)
\bbl@readstream=\read2
\bbl@dirlevel=\count266

*************************************
* Local config file bblopts.cfg used
*
(C:\Users\jakob\AppData\Local\Programs\MiKTeX\tex/latex/arabi\bblopts.cfg
File: bblopts.cfg 2005/09/08 v0.1 add Arabic and Farsi to "declared" options of
 babel
)
(C:\Users\jakob\AppData\Local\Programs\MiKTeX\tex/generic/babel-french\french.l
df
Language: french 2025-08-15 v4.0e French support from the babel system

(C:\Users\jakob\AppData\Local\Programs\MiKTeX\tex/generic/babel-french\french3.
ldf
Language: french 2025-08-15 v3.7e French support from the babel system
\FB@stdchar=\count267
Package babel Info: Making : an active character on input line 273.
Package babel Info: Making ; an active character on input line 274.
Package babel Info: Making ! an active character on input line 275.
Package babel Info: Making ? an active character on input line 276.
\FBguill@level=\count268
\FBold@everypar=\toks23
\FB@Mht=\dimen157
\mc@charclass=\count269
\mc@charfam=\count270
\mc@charslot=\count271
\std@mcc=\count272
\dec@mcc=\count273
\FB@pardim=\dimen158
\listindentFB=\dimen159
\descindentFB=\dimen160
\labelindentFB=\dimen161
\labelwidthFB=\dimen162
\leftmarginFB=\dimen163
\parindentFFN=\dimen164
\FBfnindent=\dimen165
)))
(C:\Users\jakob\AppData\Local\Programs\MiKTeX\tex/generic/babel/locale/fr\babel
-french.tex
Package babel Info: Importing font and identification data for french
(babel)             from babel-fr.ini. Reported on input line 11.
)
(C:\Users\jakob\AppData\Local\Programs\MiKTeX\tex/latex/carlisle\scalefnt.sty)
(C:\Users\jakob\AppData\Local\Programs\MiKTeX\tex/latex/tools\longtable.sty
Package: longtable 2023-11-01 v4.19 Multi-page Table package (DPC)
\LTleft=\skip52
\LTright=\skip53
\LTpre=\skip54
\LTpost=\skip55
\LTchunksize=\count274
\LTcapwidth=\dimen166
\LT@head=\box52
\LT@firsthead=\box53
\LT@foot=\box54
\LT@lastfoot=\box55
\LT@gbox=\box56
\LT@cols=\count275
\LT@rows=\count276
\c@LT@tables=\count277
\c@LT@chunks=\count278
\LT@p@ftn=\toks24
)
(C:\Users\jakob\AppData\Local\Programs\MiKTeX\tex/latex/l3backend\l3backend-pdf
tex.def
File: l3backend-pdftex.def 2024-02-20 L3 backend support: PDF output (pdfTeX)
\l__color_backend_stack_int=\count279
\l__pdf_internal_box=\box57
)
(C:\Users\jakob\Documents\FAU\AuslandsSemester\TDLOG\projet\TDLOG-PFE\djangotut
orial\pdf_creation\rapport.aux)
\openout1 = `rapport.aux'.

LaTeX Font Info:    Checking defaults for OML/cmm/m/it on input line 28.
LaTeX Font Info:    ... okay on input line 28.
LaTeX Font Info:    Checking defaults for OMS/cmsy/m/n on input line 28.
LaTeX Font Info:    ... okay on input line 28.
LaTeX Font Info:    Checking defaults for OT1/cmr/m/n on input line 28.
LaTeX Font Info:    ... okay on input line 28.
LaTeX Font Info:    Checking defaults for T1/cmr/m/n on input line 28.
LaTeX Font Info:    ... okay on input line 28.
LaTeX Font Info:    Checking defaults for TS1/cmr/m/n on input line 28.
LaTeX Font Info:    ... okay on input line 28.
LaTeX Font Info:    Checking defaults for OMX/cmex/m/n on input line 28.
LaTeX Font Info:    ... okay on input line 28.
LaTeX Font Info:    Checking defaults for U/cmr/m/n on input line 28.
LaTeX Font Info:    ... okay on input line 28.

(C:\Users\jakob\AppData\Local\Programs\MiKTeX\tex/context/base/mkii\supp-pdf.mk
ii
[Loading MPS to PDF converter (version 2006.09.02).]
\scratchcounter=\count280
\scratchdimen=\dimen167
\scratchbox=\box58
\nofMPsegments=\count281
\nofMParguments=\count282
\everyMPshowfont=\toks25
\MPscratchCnt=\count283
\MPscratchDim=\dimen168
\MPnumerator=\count284
\makeMPintoPDFobject=\count285
\everyMPtoPDFconversion=\toks26
)
(C:\Users\jakob\AppData\Local\Programs\MiKTeX\tex/latex/epstopdf-pkg\epstopdf-b
ase.sty
Package: epstopdf-base 2020-01-24 v2.11 Base part for package epstopdf
Package epstopdf-base Info: Redefining graphics rule for `.eps' on input line 4
85.

(C:\Users\jakob\AppData\Local\Programs\MiKTeX\tex/latex/00miktex\epstopdf-sys.c
fg
File: epstopdf-sys.cfg 2021/03/18 v2.0 Configuration of epstopdf for MiKTeX
))
*geometry* driver: auto-detecting
*geometry* detected driver: pdftex
*geometry* verbose mode - [ preamble ] result:
* driver: pdftex
* paper: a4paper
* layout: <same size as paper>
* layoutoffset:(h,v)=(0.0pt,0.0pt)
* modes: 
* h-part:(L,W,R)=(34.14322pt, 529.22144pt, 34.14322pt)
* v-part:(T,H,B)=(85.35826pt, 708.47354pt, 51.21504pt)
* \paperwidth=597.50787pt
* \paperheight=845.04684pt
* \textwidth=529.22144pt
* \textheight=708.47354pt
* \oddsidemargin=-38.12677pt
* \evensidemargin=-38.12677pt
* \topmargin=-23.91173pt
* \headheight=12.0pt
* \headsep=42.67912pt
* \topskip=12.0pt
* \footskip=30.0pt
* \marginparwidth=35.0pt
* \marginparsep=10.0pt
* \columnsep=10.0pt
* \skip\footins=10.8pt plus 4.0pt minus 2.0pt
* \hoffset=0.0pt
* \voffset=0.0pt
* \mag=1000
* \@twocolumnfalse
* \@twosidefalse
* \@mparswitchfalse
* \@reversemarginfalse
* (1in=72.27pt=25.4mm, 1cm=28.453pt)

LaTeX Info: Redefining \degres on input line 28.
LaTeX Font Info:    Trying to load font information for U+msa on input line 42.

(C:\Users\jakob\AppData\Local\Programs\MiKTeX\tex/latex/amsfonts\umsa.fd
File: umsa.fd 2013/01/14 v3.01 AMS symbols A
)
LaTeX Font Info:    Trying to load font information for U+msb on input line 42.


(C:\Users\jakob\AppData\Local\Programs\MiKTeX\tex/latex/amsfonts\umsb.fd
File: umsb.fd 2013/01/14 v3.01 AMS symbols B
)
<photo.jpg, id=1, 361.35pt x 361.35pt>
File: photo.jpg Graphic file (type jpg)
<use photo.jpg>
Package pdftex.def Info: photo.jpg  used on input line 48.
(pdftex.def)             Requested size: 113.81102pt x 113.80931pt.

! Misplaced \noalign.
\hline ->\noalign 
                  {\ifnum 0=`}\fi \penalty \@M \futurelet \@let@token \LT@@h...
l.48 ...degraphics[width=4cm]{photo.jpg} \\ \hline
                                                  
I expect to see \noalign only after the \cr of
an alignment. Proceed, and I'll ignore this case.

! Misplaced \omit.
\multispan ->\omit 
                   \@multispan 
l.49     \textbf
                {Type de PFE} & Recherche \\ \hline
I expect to see \omit only after tab marks or the \cr of
an alignment. Proceed, and I'll ignore this case.

! Extra alignment tab has been changed to \cr.
<recently read> \endtemplate 
                             
l.49     \textbf
                {Type de PFE} & Recherche \\ \hline
You have given more \span or & marks than there were
in the preamble to the \halign or \valign now in progress.
So I'll assume that you meant to type \cr instead.


Underfull \hbox (badness 10000) in paragraph at lines 58--58

 []


Underfull \hbox (badness 10000) in paragraph at lines 59--59

 []


Underfull \hbox (badness 1062) in paragraph at lines 59--59
\T1/cmr/m/n/12 sont des-ti-nés à une pu-bli-ca-tion nu-mé-rique et
 []


Underfull \hbox (badness 1178) in paragraph at lines 59--59
\T1/cmr/m/n/12 pa-pier (An-nuel des PFE). Je m'en-gage à ne
 []


Underfull \hbox (badness 10000) in paragraph at lines 63--63

 []


Underfull \hbox (badness 3343) in paragraph at lines 63--63
\T1/cmr/bx/n/12 (Se ré-fé-rer à la liste four-nie
 []


Underfull \hbox (badness 2689) in paragraph at lines 66--66
[]|\T1/cmr/m/n/12 10 buchsta10 buchsta10 buchsta10 buchsta10
 []


Underfull \hbox (badness 10000) in paragraph at lines 66--66
\T1/cmr/m/n/12 buchsta10 buchsta10 buchsta10 buchsta10
 []


Underfull \hbox (badness 10000) in paragraph at lines 66--66
\T1/cmr/m/n/12 buchsta10 buchsta10 buchsta10 buchsta10
 []


Underfull \hbox (badness 10000) in paragraph at lines 66--66
\T1/cmr/m/n/12 buchsta10 buchsta10 buchsta10 buchsta10
 []


Underfull \hbox (badness 8170) in paragraph at lines 67--67
\T1/cmr/m/n/12 ca-rac-tères13 ca-rac-tères13 ca-rac-tères13 ca-rac-
 []


Underfull \hbox (badness 8170) in paragraph at lines 68--68
\T1/cmr/m/n/12 ca-rac-tères13 ca-rac-tères13 ca-rac-tères13 ca-rac-
 []


Underfull \hbox (badness 8170) in paragraph at lines 68--68
\T1/cmr/m/n/12 ca-rac-tères13 ca-rac-tères13 ca-rac-tères13 ca-rac-
 []


Underfull \hbox (badness 8170) in paragraph at lines 68--68
\T1/cmr/m/n/12 ca-rac-tères13 ca-rac-tères13 ca-rac-tères13 ca-rac-
 []


Underfull \hbox (badness 8170) in paragraph at lines 68--68
\T1/cmr/m/n/12 ca-rac-tères13 ca-rac-tères13 ca-rac-tères13 ca-rac-
 []


Underfull \hbox (badness 8170) in paragraph at lines 68--68
\T1/cmr/m/n/12 ca-rac-tères13 ca-rac-tères13 ca-rac-tères13 ca-rac-
 []


Underfull \hbox (badness 8170) in paragraph at lines 68--68
\T1/cmr/m/n/12 ca-rac-tères13 ca-rac-tères13 ca-rac-tères13 ca-rac-
 []


Underfull \hbox (badness 8170) in paragraph at lines 68--68
\T1/cmr/m/n/12 ca-rac-tères13 ca-rac-tères13 ca-rac-tères13 ca-rac-
 []


Underfull \hbox (badness 8170) in paragraph at lines 68--68
\T1/cmr/m/n/12 ca-rac-tères13 ca-rac-tères13 ca-rac-tères13 ca-rac-
 []


Underfull \hbox (badness 2689) in paragraph at lines 71--71
[]|\T1/cmr/m/n/12 10 buchsta10 buchsta10 buchsta10 buchsta10
 []


Underfull \hbox (badness 10000) in paragraph at lines 71--71
\T1/cmr/m/n/12 buchsta10 buchsta10 buchsta10 buchsta10
 []


Underfull \hbox (badness 10000) in paragraph at lines 71--71
\T1/cmr/m/n/12 buchsta10 buchsta10 buchsta10 buchsta10
 []


Underfull \hbox (badness 10000) in paragraph at lines 71--71
\T1/cmr/m/n/12 buchsta10 buchsta10 buchsta10 buchsta10
 []


Underfull \hbox (badness 8170) in paragraph at lines 72--72
\T1/cmr/m/n/12 ca-rac-tères13 ca-rac-tères13 ca-rac-tères13 ca-rac-
 []


Underfull \hbox (badness 10000) in paragraph at lines 73--73

 []


Underfull \hbox (badness 4699) in paragraph at lines 73--73
\T1/cmr/m/n/12 Longueur conseillée entre 1150 et
 []


Underfull \hbox (badness 8170) in paragraph at lines 73--73
\T1/cmr/m/n/12 ca-rac-tères13 ca-rac-tères13 ca-rac-tères13 ca-rac-
 []


Underfull \hbox (badness 8170) in paragraph at lines 73--73
\T1/cmr/m/n/12 ca-rac-tères13 ca-rac-tères13 ca-rac-tères13 ca-rac-
 []


Underfull \hbox (badness 8170) in paragraph at lines 73--73
\T1/cmr/m/n/12 ca-rac-tères13 ca-rac-tères13 ca-rac-tères13 ca-rac-
 []


Underfull \hbox (badness 8170) in paragraph at lines 73--73
\T1/cmr/m/n/12 ca-rac-tères13 ca-rac-tères13 ca-rac-tères13 ca-rac-
 []


Underfull \hbox (badness 8170) in paragraph at lines 73--73
\T1/cmr/m/n/12 ca-rac-tères13 ca-rac-tères13 ca-rac-tères13 ca-rac-
 []


Underfull \hbox (badness 8170) in paragraph at lines 73--73
\T1/cmr/m/n/12 ca-rac-tères13 ca-rac-tères13 ca-rac-tères13 ca-rac-
 []


Underfull \hbox (badness 8170) in paragraph at lines 73--73
\T1/cmr/m/n/12 ca-rac-tères13 ca-rac-tères13 ca-rac-tères13 ca-rac-
 []


Underfull \hbox (badness 8170) in paragraph at lines 73--73
\T1/cmr/m/n/12 ca-rac-tères13 ca-rac-tères13 ca-rac-tères13 ca-rac-
 []


Underfull \hbox (badness 10000) in paragraph at lines 74--74

 []


Underfull \hbox (badness 10000) in paragraph at lines 75--80

 []


Underfull \hbox (badness 10000) in paragraph at lines 75--80

 []


Underfull \hbox (badness 5533) in paragraph at lines 75--80
\T1/cmr/bx/n/12 À no-ter : \T1/cmr/m/n/12 Sans ré-fé-rences pré-
 []


Underfull \hbox (badness 10000) in paragraph at lines 75--80

 []


Underfull \hbox (badness 2173) in paragraph at lines 75--80
\T1/cmr/m/n/12 Si vous n'êtes pas l'au-teur prin-ci-
 []


Underfull \hbox (badness 6348) in paragraph at lines 75--80
\T1/cmr/m/n/12 pal de l'illus-tra-tion uti-li-sée, vous
 []


Underfull \hbox (badness 10000) in paragraph at lines 75--80
\T1/cmr/m/n/12 pou-vez de-man-der au pro-prié-taire
 []


Underfull \hbox (badness 1888) in paragraph at lines 75--80
\T1/cmr/m/n/12 une au-to-ri-sa-tion d'uti-li-sa-tion et de
 []


Underfull \hbox (badness 10000) in paragraph at lines 80--83

 []


Underfull \hbox (badness 10000) in paragraph at lines 80--83

 []


Underfull \hbox (badness 10000) in paragraph at lines 80--83

 []


Underfull \hbox (badness 10000) in paragraph at lines 80--83

 []


Underfull \hbox (badness 3547) in paragraph at lines 80--83
\T1/cmr/m/n/12 Droits : Nom du pho-to-graphe ou de l'au-
 []


Underfull \hbox (badness 10000) in paragraph at lines 80--83

 []

[1{C:/Users/jakob/AppData/Local/MiKTeX/fonts/map/pdftex/pdftex.map}

 <C:/Users/jakob/Documents/FAU/AuslandsSemester/TDLOG/projet/TDLOG-PFE/djangotu
torial/pdf_creation/photo.jpg>] [2] [3] [4] [5]
Underfull \hbox (badness 10000) in paragraph at lines 88--90

 []


Underfull \hbox (badness 10000) in paragraph at lines 91--92

 []

[6]
(C:\Users\jakob\Documents\FAU\AuslandsSemester\TDLOG\projet\TDLOG-PFE\djangotut
orial\pdf_creation\rapport.aux)
 ***********
LaTeX2e <2023-11-01> patch level 1
L3 programming layer <2024-02-20>
 ***********
 ) 
Here is how much of TeX's memory you used:
 5034 strings out of 474457
 83049 string characters out of 5742754
 1971190 words of memory out of 5000000
 27307 multiletter control sequences out of 15000+600000
 565799 words of font info for 58 fonts, out of 8000000 for 9000
 1141 hyphenation exceptions out of 8191
 57i,9n,65p,1700b,385s stack positions out of 10000i,1000n,20000p,200000b,200000s
 <C:\Users\jakob\AppData\Local\MiKTeX\fonts/pk/ljfour/jknappen/ec/dpi600\ecrm
1200.pk> <C:\Users\jakob\AppData\Local\MiKTeX\fonts/pk/ljfour/jknappen/ec/dpi60
0\ecbx1728.pk> <C:\Users\jakob\AppData\Local\MiKTeX\fonts/pk/ljfour/jknappen/ec
/dpi600\ecbx1200.pk><C:/Users/jakob/AppData/Local/Programs/MiKTeX/fonts/type1/p
ublic/amsfonts/symbols/msam10.pfb>
Output written on C:\Users\jakob\Documents\FAU\AuslandsSemester\TDLOG\projet\TD
LOG-PFE\djangotutorial\pdf_creation\rapport.pdf (6 pages, 99911 bytes).
PDF statistics:
 192 PDF objects out of 1000 (max. 8388607)
 0 named destinations out of 1000 (max. 500000)
 6 words of extra memory for PDF output out of 10000 (max. 10000000)

